{"/home/ubuntu/projects/finance/src/error.ts": {"path":"/home/ubuntu/projects/finance/src/error.ts","statementMap":{"0":{"start":{"line":1,"column":0},"end":{"line":1,"column":null}},"1":{"start":{"line":1,"column":30},"end":{"line":1,"column":35}},"2":{"start":{"line":5,"column":29},"end":{"line":5,"column":53}},"3":{"start":{"line":5,"column":53},"end":{"line":5,"column":null}},"4":{"start":{"line":6,"column":2},"end":{"line":6,"column":null}},"5":{"start":{"line":8,"column":2},"end":{"line":8,"column":52}},"6":{"start":{"line":10,"column":2},"end":{"line":10,"column":23}},"7":{"start":{"line":11,"column":2},"end":{"line":11,"column":27}},"8":{"start":{"line":13,"column":2},"end":{"line":13,"column":32}},"9":{"start":{"line":15,"column":0},"end":{"line":15,"column":null}},"10":{"start":{"line":1,"column":13},"end":{"line":1,"column":21}}},"fnMap":{"0":{"name":"(anonymous_6)","decl":{"start":{"line":1,"column":0},"end":{"line":1,"column":13}},"loc":{"start":{"line":1,"column":0},"end":{"line":15,"column":null}}},"1":{"name":"AppError","decl":{"start":{"line":5,"column":1},"end":{"line":5,"column":13}},"loc":{"start":{"line":5,"column":77},"end":{"line":14,"column":2}}}},"branchMap":{"0":{"loc":{"start":{"line":5,"column":29},"end":{"line":5,"column":53}},"type":"if","locations":[{"start":{"line":5,"column":29},"end":{"line":5,"column":53}}]},"1":{"loc":{"start":{"line":5,"column":53},"end":{"line":5,"column":null}},"type":"if","locations":[{"start":{"line":5,"column":53},"end":{"line":5,"column":null}}]},"2":{"loc":{"start":{"line":6,"column":2},"end":{"line":6,"column":null}},"type":"binary-expr","locations":[{"start":{"line":6,"column":2},"end":{"line":6,"column":20}},{"start":{"line":6,"column":20},"end":{"line":6,"column":null}}]}},"s":{"0":1,"1":1,"2":2,"3":4,"4":2,"5":2,"6":2,"7":2,"8":2,"9":1,"10":1},"f":{"0":1,"1":2},"b":{"0":[0],"1":[2],"2":[2,0]}}
,"/home/ubuntu/projects/finance/src/config/data-source.ts": {"path":"/home/ubuntu/projects/finance/src/config/data-source.ts","statementMap":{"0":{"start":{"line":1,"column":0},"end":{"line":1,"column":26}},"1":{"start":{"line":2,"column":0},"end":{"line":2,"column":37}},"2":{"start":{"line":3,"column":0},"end":{"line":3,"column":46}},"3":{"start":{"line":4,"column":0},"end":{"line":4,"column":54}},"4":{"start":{"line":5,"column":0},"end":{"line":5,"column":52}},"5":{"start":{"line":6,"column":68},"end":{"line":6,"column":79}},"6":{"start":{"line":6,"column":17},"end":{"line":6,"column":19}},"7":{"start":{"line":6,"column":28},"end":{"line":6,"column":30}},"8":{"start":{"line":6,"column":39},"end":{"line":6,"column":41}},"9":{"start":{"line":6,"column":54},"end":{"line":6,"column":56}},"10":{"start":{"line":6,"column":63},"end":{"line":6,"column":68}},"11":{"start":{"line":8,"column":13},"end":{"line":20,"column":3}}},"fnMap":{},"branchMap":{},"s":{"0":1,"1":1,"2":1,"3":1,"4":1,"5":1,"6":1,"7":1,"8":1,"9":1,"10":1,"11":1},"f":{},"b":{}}
,"/home/ubuntu/projects/finance/src/config/redis.ts": {"path":"/home/ubuntu/projects/finance/src/config/redis.ts","statementMap":{"0":{"start":{"line":1,"column":0},"end":{"line":1,"column":28}},"1":{"start":{"line":3,"column":23},"end":{"line":3,"column":35}},"2":{"start":{"line":5,"column":0},"end":{"line":7,"column":3}}},"fnMap":{},"branchMap":{},"s":{"0":1,"1":1,"2":1},"f":{},"b":{}}
,"/home/ubuntu/projects/finance/src/controllers/accountController.ts": {"path":"/home/ubuntu/projects/finance/src/controllers/accountController.ts","statementMap":{"0":{"start":{"line":1,"column":0},"end":{"line":1,"column":36}},"1":{"start":{"line":2,"column":0},"end":{"line":2,"column":48}},"2":{"start":{"line":3,"column":0},"end":{"line":3,"column":94}},"3":{"start":{"line":4,"column":0},"end":{"line":4,"column":34}},"4":{"start":{"line":5,"column":0},"end":{"line":5,"column":46}},"5":{"start":{"line":7,"column":31},"end":{"line":19,"column":2}},"6":{"start":{"line":7,"column":54},"end":{"line":19,"column":2}},"7":{"start":{"line":8,"column":9},"end":{"line":8,"column":22}},"8":{"start":{"line":9,"column":25},"end":{"line":9,"column":null}},"9":{"start":{"line":9,"column":7},"end":{"line":9,"column":null}},"10":{"start":{"line":11,"column":1},"end":{"line":13,"column":null}},"11":{"start":{"line":12,"column":2},"end":{"line":12,"column":92}},"12":{"start":{"line":15,"column":8},"end":{"line":18,"column":4}},"13":{"start":{"line":15,"column":1},"end":{"line":18,"column":4}},"14":{"start":{"line":7,"column":13},"end":{"line":7,"column":31}},"15":{"start":{"line":21,"column":35},"end":{"line":29,"column":2}},"16":{"start":{"line":21,"column":60},"end":{"line":29,"column":2}},"17":{"start":{"line":22,"column":17},"end":{"line":22,"column":null}},"18":{"start":{"line":22,"column":7},"end":{"line":22,"column":null}},"19":{"start":{"line":24,"column":5},"end":{"line":24,"column":17}},"20":{"start":{"line":24,"column":5},"end":{"line":24,"column":6}},"21":{"start":{"line":24,"column":19},"end":{"line":24,"column":78}},"22":{"start":{"line":24,"column":17},"end":{"line":24,"column":80}},"23":{"start":{"line":24,"column":1},"end":{"line":26,"column":null}},"24":{"start":{"line":25,"column":2},"end":{"line":25,"column":78}},"25":{"start":{"line":28,"column":8},"end":{"line":28,"column":34}},"26":{"start":{"line":28,"column":1},"end":{"line":28,"column":34}},"27":{"start":{"line":21,"column":13},"end":{"line":21,"column":35}}},"fnMap":{"0":{"name":"(anonymous_15)","decl":{"start":{"line":7,"column":31},"end":{"line":7,"column":38}},"loc":{"start":{"line":7,"column":54},"end":{"line":19,"column":2}}},"1":{"name":"(anonymous_16)","decl":{"start":{"line":7,"column":54},"end":{"line":7,"column":null}},"loc":{"start":{"line":7,"column":54},"end":{"line":19,"column":2}}},"2":{"name":"(anonymous_18)","decl":{"start":{"line":21,"column":35},"end":{"line":21,"column":42}},"loc":{"start":{"line":21,"column":60},"end":{"line":29,"column":2}}},"3":{"name":"(anonymous_19)","decl":{"start":{"line":21,"column":60},"end":{"line":21,"column":null}},"loc":{"start":{"line":21,"column":60},"end":{"line":29,"column":2}}}},"branchMap":{"0":{"loc":{"start":{"line":15,"column":1},"end":{"line":18,"column":4}},"type":"switch","locations":[{"start":{"line":15,"column":1},"end":{"line":18,"column":4}}]},"1":{"loc":{"start":{"line":11,"column":1},"end":{"line":13,"column":null}},"type":"if","locations":[{"start":{"line":11,"column":1},"end":{"line":13,"column":null}}]},"2":{"loc":{"start":{"line":22,"column":17},"end":{"line":22,"column":null}},"type":"switch","locations":[{"start":{"line":22,"column":17},"end":{"line":22,"column":null}},{"start":{"line":28,"column":1},"end":{"line":28,"column":34}}]},"3":{"loc":{"start":{"line":24,"column":5},"end":{"line":24,"column":6}},"type":"if","locations":[{"start":{"line":24,"column":5},"end":{"line":24,"column":6}}]},"4":{"loc":{"start":{"line":24,"column":1},"end":{"line":26,"column":null}},"type":"if","locations":[{"start":{"line":24,"column":1},"end":{"line":26,"column":null}}]}},"s":{"0":1,"1":1,"2":1,"3":1,"4":1,"5":1,"6":2,"7":2,"8":2,"9":2,"10":2,"11":1,"12":1,"13":1,"14":1,"15":1,"16":0,"17":0,"18":0,"19":0,"20":0,"21":0,"22":0,"23":0,"24":0,"25":0,"26":0,"27":1},"f":{"0":2,"1":2,"2":0,"3":0},"b":{"0":[1],"1":[1],"2":[0,0],"3":[0],"4":[0]}}
,"/home/ubuntu/projects/finance/src/entities/Account.ts": {"path":"/home/ubuntu/projects/finance/src/entities/Account.ts","statementMap":{"0":{"start":{"line":1,"column":0},"end":{"line":1,"column":35}},"1":{"start":{"line":2,"column":0},"end":{"line":2,"column":null}},"2":{"start":{"line":12,"column":0},"end":{"line":12,"column":13}},"3":{"start":{"line":40,"column":7},"end":{"line":42,"column":null}},"4":{"start":{"line":41,"column":2},"end":{"line":41,"column":7}},"5":{"start":{"line":41,"column":18},"end":{"line":41,"column":55}},"6":{"start":{"line":41,"column":2},"end":{"line":41,"column":55}},"7":{"start":{"line":44,"column":14},"end":{"line":46,"column":null}},"8":{"start":{"line":45,"column":9},"end":{"line":45,"column":61}},"9":{"start":{"line":45,"column":2},"end":{"line":45,"column":61}},"10":{"start":{"line":14,"column":1},"end":{"line":14,"column":null}},"11":{"start":{"line":18,"column":1},"end":{"line":18,"column":null}},"12":{"start":{"line":22,"column":1},"end":{"line":22,"column":null}},"13":{"start":{"line":25,"column":1},"end":{"line":25,"column":null}},"14":{"start":{"line":28,"column":1},"end":{"line":28,"column":null}},"15":{"start":{"line":31,"column":1},"end":{"line":31,"column":null}},"16":{"start":{"line":34,"column":1},"end":{"line":34,"column":null}},"17":{"start":{"line":37,"column":1},"end":{"line":37,"column":null}},"18":{"start":{"line":40,"column":1},"end":{"line":42,"column":null}},"19":{"start":{"line":12,"column":13},"end":{"line":47,"column":null}},"20":{"start":{"line":47,"column":0},"end":{"line":47,"column":null}},"21":{"start":{"line":12,"column":13},"end":{"line":12,"column":20}}},"fnMap":{"0":{"name":"(anonymous_21)","decl":{"start":{"line":12,"column":0},"end":{"line":12,"column":13}},"loc":{"start":{"line":12,"column":0},"end":{"line":12,"column":13}}},"1":{"name":"(anonymous_23)","decl":{"start":{"line":40,"column":1},"end":{"line":40,"column":7}},"loc":{"start":{"line":40,"column":1},"end":{"line":42,"column":null}}},"2":{"name":"(anonymous_26)","decl":{"start":{"line":44,"column":1},"end":{"line":44,"column":14}},"loc":{"start":{"line":44,"column":76},"end":{"line":46,"column":null}}}},"branchMap":{"0":{"loc":{"start":{"line":45,"column":9},"end":{"line":45,"column":61}},"type":"switch","locations":[{"start":{"line":45,"column":9},"end":{"line":45,"column":61}},{"start":{"line":45,"column":2},"end":{"line":45,"column":61}}]}},"s":{"0":1,"1":1,"2":1,"3":1,"4":0,"5":0,"6":0,"7":1,"8":0,"9":0,"10":1,"11":1,"12":1,"13":1,"14":1,"15":1,"16":1,"17":1,"18":1,"19":1,"20":1,"21":1},"f":{"0":1,"1":0,"2":0},"b":{"0":[0,0]}}
,"/home/ubuntu/projects/finance/src/entities/Chargeback.ts": {"path":"/home/ubuntu/projects/finance/src/entities/Chargeback.ts","statementMap":{"0":{"start":{"line":1,"column":0},"end":{"line":1,"column":90}},"1":{"start":{"line":4,"column":0},"end":{"line":4,"column":13}},"2":{"start":{"line":6,"column":1},"end":{"line":6,"column":null}},"3":{"start":{"line":10,"column":1},"end":{"line":10,"column":null}},"4":{"start":{"line":13,"column":1},"end":{"line":13,"column":null}},"5":{"start":{"line":4,"column":13},"end":{"line":14,"column":null}},"6":{"start":{"line":14,"column":0},"end":{"line":14,"column":null}},"7":{"start":{"line":4,"column":13},"end":{"line":4,"column":23}}},"fnMap":{"0":{"name":"(anonymous_2)","decl":{"start":{"line":4,"column":0},"end":{"line":4,"column":13}},"loc":{"start":{"line":4,"column":0},"end":{"line":4,"column":13}}}},"branchMap":{},"s":{"0":1,"1":1,"2":1,"3":1,"4":1,"5":1,"6":1,"7":1},"f":{"0":1},"b":{}}
,"/home/ubuntu/projects/finance/src/entities/Transaction.ts": {"path":"/home/ubuntu/projects/finance/src/entities/Transaction.ts","statementMap":{"0":{"start":{"line":1,"column":0},"end":{"line":1,"column":90}},"1":{"start":{"line":4,"column":0},"end":{"line":4,"column":13}},"2":{"start":{"line":6,"column":1},"end":{"line":6,"column":null}},"3":{"start":{"line":9,"column":1},"end":{"line":9,"column":null}},"4":{"start":{"line":12,"column":1},"end":{"line":12,"column":null}},"5":{"start":{"line":16,"column":1},"end":{"line":16,"column":null}},"6":{"start":{"line":20,"column":1},"end":{"line":20,"column":null}},"7":{"start":{"line":23,"column":1},"end":{"line":23,"column":null}},"8":{"start":{"line":4,"column":13},"end":{"line":24,"column":null}},"9":{"start":{"line":24,"column":0},"end":{"line":24,"column":null}},"10":{"start":{"line":4,"column":13},"end":{"line":4,"column":24}}},"fnMap":{"0":{"name":"(anonymous_2)","decl":{"start":{"line":4,"column":0},"end":{"line":4,"column":13}},"loc":{"start":{"line":4,"column":0},"end":{"line":4,"column":13}}}},"branchMap":{},"s":{"0":1,"1":1,"2":1,"3":1,"4":1,"5":1,"6":1,"7":1,"8":1,"9":1,"10":1},"f":{"0":1},"b":{}}
,"/home/ubuntu/projects/finance/src/services/accountService.ts": {"path":"/home/ubuntu/projects/finance/src/services/accountService.ts","statementMap":{"0":{"start":{"line":1,"column":0},"end":{"line":1,"column":46}},"1":{"start":{"line":2,"column":0},"end":{"line":2,"column":54}},"2":{"start":{"line":3,"column":0},"end":{"line":3,"column":42}},"3":{"start":{"line":4,"column":0},"end":{"line":4,"column":39}},"4":{"start":{"line":5,"column":0},"end":{"line":5,"column":46}},"5":{"start":{"line":7,"column":13},"end":{"line":7,"column":70}},"6":{"start":{"line":15,"column":29},"end":{"line":26,"column":2}},"7":{"start":{"line":16,"column":39},"end":{"line":26,"column":2}},"8":{"start":{"line":18,"column":21},"end":{"line":20,"column":23}},"9":{"start":{"line":18,"column":7},"end":{"line":20,"column":null}},"10":{"start":{"line":22,"column":1},"end":{"line":22,"column":80}},"11":{"start":{"line":24,"column":1},"end":{"line":24,"column":28}},"12":{"start":{"line":25,"column":1},"end":{"line":25,"column":19}},"13":{"start":{"line":15,"column":13},"end":{"line":15,"column":29}},"14":{"start":{"line":28,"column":37},"end":{"line":34,"column":2}},"15":{"start":{"line":29,"column":9},"end":{"line":29,"column":null}},"16":{"start":{"line":33,"column":8},"end":{"line":33,"column":56}},"17":{"start":{"line":33,"column":1},"end":{"line":33,"column":56}},"18":{"start":{"line":28,"column":13},"end":{"line":28,"column":37}},"19":{"start":{"line":36,"column":33},"end":{"line":41,"column":2}},"20":{"start":{"line":36,"column":52},"end":{"line":41,"column":2}},"21":{"start":{"line":37,"column":17},"end":{"line":37,"column":93}},"22":{"start":{"line":37,"column":7},"end":{"line":37,"column":null}},"23":{"start":{"line":38,"column":8},"end":{"line":38,"column":26}},"24":{"start":{"line":39,"column":8},"end":{"line":39,"column":20}},"25":{"start":{"line":40,"column":1},"end":{"line":40,"column":16}},"26":{"start":{"line":36,"column":13},"end":{"line":36,"column":33}},"27":{"start":{"line":43,"column":47},"end":{"line":46,"column":2}},"28":{"start":{"line":43,"column":102},"end":{"line":46,"column":2}},"29":{"start":{"line":44,"column":17},"end":{"line":44,"column":null}},"30":{"start":{"line":44,"column":7},"end":{"line":44,"column":null}},"31":{"start":{"line":45,"column":1},"end":{"line":45,"column":null}},"32":{"start":{"line":43,"column":13},"end":{"line":43,"column":47}},"33":{"start":{"line":48,"column":36},"end":{"line":50,"column":2}},"34":{"start":{"line":48,"column":88},"end":{"line":50,"column":2}},"35":{"start":{"line":49,"column":8},"end":{"line":49,"column":85}},"36":{"start":{"line":49,"column":1},"end":{"line":49,"column":85}},"37":{"start":{"line":48,"column":13},"end":{"line":48,"column":36}},"38":{"start":{"line":52,"column":26},"end":{"line":64,"column":2}},"39":{"start":{"line":52,"column":49},"end":{"line":64,"column":2}},"40":{"start":{"line":53,"column":1},"end":{"line":53,"column":78}},"41":{"start":{"line":55,"column":7},"end":{"line":57,"column":4}},"42":{"start":{"line":59,"column":7},"end":{"line":61,"column":4}},"43":{"start":{"line":63,"column":1},"end":{"line":63,"column":40}},"44":{"start":{"line":52,"column":13},"end":{"line":52,"column":26}}},"fnMap":{"0":{"name":"(anonymous_14)","decl":{"start":{"line":15,"column":29},"end":{"line":15,"column":null}},"loc":{"start":{"line":16,"column":39},"end":{"line":26,"column":2}}},"1":{"name":"(anonymous_15)","decl":{"start":{"line":16,"column":39},"end":{"line":16,"column":null}},"loc":{"start":{"line":16,"column":39},"end":{"line":26,"column":2}}},"2":{"name":"(anonymous_17)","decl":{"start":{"line":28,"column":37},"end":{"line":28,"column":44}},"loc":{"start":{"line":32,"column":1},"end":{"line":34,"column":2}}},"3":{"name":"(anonymous_20)","decl":{"start":{"line":36,"column":33},"end":{"line":36,"column":40}},"loc":{"start":{"line":36,"column":52},"end":{"line":41,"column":2}}},"4":{"name":"(anonymous_21)","decl":{"start":{"line":36,"column":52},"end":{"line":36,"column":null}},"loc":{"start":{"line":36,"column":52},"end":{"line":41,"column":2}}},"5":{"name":"(anonymous_23)","decl":{"start":{"line":43,"column":47},"end":{"line":43,"column":54}},"loc":{"start":{"line":43,"column":102},"end":{"line":46,"column":2}}},"6":{"name":"(anonymous_24)","decl":{"start":{"line":43,"column":102},"end":{"line":43,"column":null}},"loc":{"start":{"line":43,"column":102},"end":{"line":46,"column":2}}},"7":{"name":"(anonymous_26)","decl":{"start":{"line":48,"column":36},"end":{"line":48,"column":43}},"loc":{"start":{"line":48,"column":88},"end":{"line":50,"column":2}}},"8":{"name":"(anonymous_27)","decl":{"start":{"line":48,"column":88},"end":{"line":48,"column":null}},"loc":{"start":{"line":48,"column":88},"end":{"line":50,"column":2}}},"9":{"name":"(anonymous_29)","decl":{"start":{"line":52,"column":26},"end":{"line":52,"column":33}},"loc":{"start":{"line":52,"column":49},"end":{"line":64,"column":2}}},"10":{"name":"(anonymous_30)","decl":{"start":{"line":52,"column":49},"end":{"line":52,"column":null}},"loc":{"start":{"line":52,"column":49},"end":{"line":64,"column":2}}}},"branchMap":{"0":{"loc":{"start":{"line":18,"column":21},"end":{"line":20,"column":23}},"type":"switch","locations":[{"start":{"line":18,"column":21},"end":{"line":20,"column":23}}]},"1":{"loc":{"start":{"line":33,"column":8},"end":{"line":33,"column":56}},"type":"switch","locations":[{"start":{"line":33,"column":8},"end":{"line":33,"column":56}},{"start":{"line":33,"column":1},"end":{"line":33,"column":56}}]},"2":{"loc":{"start":{"line":37,"column":17},"end":{"line":37,"column":93}},"type":"switch","locations":[{"start":{"line":37,"column":17},"end":{"line":37,"column":93}}]},"3":{"loc":{"start":{"line":38,"column":8},"end":{"line":38,"column":25}},"type":"cond-expr","locations":[{"start":{"line":38,"column":15},"end":{"line":38,"column":17}},{"start":{"line":38,"column":15},"end":{"line":38,"column":25}}]},"4":{"loc":{"start":{"line":38,"column":8},"end":{"line":38,"column":17}},"type":"binary-expr","locations":[{"start":{"line":38,"column":8},"end":{"line":38,"column":17}},{"start":{"line":38,"column":8},"end":{"line":38,"column":17}}]},"5":{"loc":{"start":{"line":39,"column":8},"end":{"line":39,"column":19}},"type":"cond-expr","locations":[{"start":{"line":39,"column":15},"end":{"line":39,"column":17}},{"start":{"line":39,"column":15},"end":{"line":39,"column":19}}]},"6":{"loc":{"start":{"line":39,"column":8},"end":{"line":39,"column":17}},"type":"binary-expr","locations":[{"start":{"line":39,"column":8},"end":{"line":39,"column":17}},{"start":{"line":39,"column":8},"end":{"line":39,"column":17}}]},"7":{"loc":{"start":{"line":44,"column":17},"end":{"line":44,"column":null}},"type":"switch","locations":[{"start":{"line":44,"column":17},"end":{"line":44,"column":null}}]},"8":{"loc":{"start":{"line":49,"column":8},"end":{"line":49,"column":85}},"type":"switch","locations":[{"start":{"line":49,"column":8},"end":{"line":49,"column":85}},{"start":{"line":49,"column":1},"end":{"line":49,"column":85}}]}},"s":{"0":1,"1":1,"2":1,"3":1,"4":1,"5":1,"6":1,"7":0,"8":0,"9":0,"10":0,"11":0,"12":0,"13":1,"14":1,"15":0,"16":0,"17":0,"18":1,"19":1,"20":0,"21":0,"22":0,"23":0,"24":0,"25":0,"26":1,"27":1,"28":0,"29":0,"30":0,"31":0,"32":1,"33":1,"34":0,"35":0,"36":0,"37":1,"38":1,"39":0,"40":0,"41":0,"42":0,"43":0,"44":1},"f":{"0":0,"1":0,"2":0,"3":0,"4":0,"5":0,"6":0,"7":0,"8":0,"9":0,"10":0},"b":{"0":[0],"1":[0,0],"2":[0],"3":[0,0],"4":[0,0],"5":[0,0],"6":[0,0],"7":[0],"8":[0,0]}}
,"/home/ubuntu/projects/finance/src/tests/mock/user.ts": {"path":"/home/ubuntu/projects/finance/src/tests/mock/user.ts","statementMap":{"0":{"start":{"line":1,"column":13},"end":{"line":9,"column":2}},"1":{"start":{"line":11,"column":13},"end":{"line":18,"column":2}}},"fnMap":{},"branchMap":{},"s":{"0":1,"1":1},"f":{},"b":{}}
,"/home/ubuntu/projects/finance/src/utils/jwt.ts": {"path":"/home/ubuntu/projects/finance/src/utils/jwt.ts","statementMap":{"0":{"start":{"line":1,"column":0},"end":{"line":1,"column":48}},"1":{"start":{"line":2,"column":23},"end":{"line":12,"column":1}},"2":{"start":{"line":7,"column":20},"end":{"line":7,"column":81}},"3":{"start":{"line":8,"column":1},"end":{"line":11,"column":4}},"4":{"start":{"line":2,"column":13},"end":{"line":2,"column":23}},"5":{"start":{"line":14,"column":25},"end":{"line":22,"column":1}},"6":{"start":{"line":15,"column":4},"end":{"line":21,"column":null}},"7":{"start":{"line":16,"column":27},"end":{"line":16,"column":88}},"8":{"start":{"line":17,"column":24},"end":{"line":17,"column":58}},"9":{"start":{"line":18,"column":8},"end":{"line":18,"column":null}},"10":{"start":{"line":20,"column":8},"end":{"line":20,"column":20}},"11":{"start":{"line":14,"column":13},"end":{"line":14,"column":25}}},"fnMap":{"0":{"name":"(anonymous_3)","decl":{"start":{"line":2,"column":23},"end":{"line":2,"column":null}},"loc":{"start":{"line":5,"column":21},"end":{"line":12,"column":1}}},"1":{"name":"(anonymous_4)","decl":{"start":{"line":14,"column":25},"end":{"line":14,"column":29}},"loc":{"start":{"line":14,"column":105},"end":{"line":22,"column":1}}}},"branchMap":{"0":{"loc":{"start":{"line":9,"column":6},"end":{"line":9,"column":24}},"type":"binary-expr","locations":[{"start":{"line":9,"column":6},"end":{"line":9,"column":13}},{"start":{"line":9,"column":17},"end":{"line":9,"column":24}}]}},"s":{"0":1,"1":1,"2":0,"3":0,"4":1,"5":1,"6":0,"7":0,"8":0,"9":0,"10":0,"11":1},"f":{"0":0,"1":0},"b":{"0":[0,0]}}
,"/home/ubuntu/projects/finance/src/utils/money.ts": {"path":"/home/ubuntu/projects/finance/src/utils/money.ts","statementMap":{"0":{"start":{"line":1,"column":13},"end":{"line":4,"column":3}}},"fnMap":{},"branchMap":{},"s":{"0":1},"f":{},"b":{}}
}
