TN:
SF:src/error.ts
FN:1,(anonymous_6)
FN:5,AppError
FNF:2
FNH:2
FNDA:1,(anonymous_6)
FNDA:2,AppError
DA:1,1
DA:5,4
DA:6,2
DA:8,2
DA:10,2
DA:11,2
DA:13,2
DA:15,1
LF:8
LH:8
BRDA:5,0,0,0
BRDA:5,1,0,2
BRDA:6,2,0,2
BRDA:6,2,1,0
BRF:4
BRH:2
end_of_record
TN:
SF:src/config/data-source.ts
FNF:0
FNH:0
DA:1,1
DA:2,1
DA:3,1
DA:4,1
DA:5,1
DA:6,1
DA:8,1
LF:7
LH:7
BRF:0
BRH:0
end_of_record
TN:
SF:src/config/redis.ts
FNF:0
FNH:0
DA:1,1
DA:3,1
DA:5,1
LF:3
LH:3
BRF:0
BRH:0
end_of_record
TN:
SF:src/controllers/accountController.ts
FN:7,(anonymous_15)
FN:7,(anonymous_16)
FN:21,(anonymous_18)
FN:21,(anonymous_19)
FNF:4
FNH:2
FNDA:2,(anonymous_15)
FNDA:2,(anonymous_16)
FNDA:0,(anonymous_18)
FNDA:0,(anonymous_19)
DA:1,1
DA:2,1
DA:3,1
DA:4,1
DA:5,1
DA:7,2
DA:8,2
DA:9,2
DA:11,2
DA:12,1
DA:15,1
DA:21,1
DA:22,0
DA:24,0
DA:25,0
DA:28,0
LF:16
LH:12
BRDA:15,0,0,1
BRDA:11,1,0,1
BRDA:22,2,0,0
BRDA:22,2,1,0
BRDA:24,3,0,0
BRDA:24,4,0,0
BRF:6
BRH:2
end_of_record
TN:
SF:src/entities/Account.ts
FN:12,(anonymous_21)
FN:40,(anonymous_23)
FN:44,(anonymous_26)
FNF:3
FNH:1
FNDA:1,(anonymous_21)
FNDA:0,(anonymous_23)
FNDA:0,(anonymous_26)
DA:1,1
DA:2,1
DA:12,1
DA:14,1
DA:18,1
DA:22,1
DA:25,1
DA:28,1
DA:31,1
DA:34,1
DA:37,1
DA:40,1
DA:41,0
DA:44,1
DA:45,0
DA:47,1
LF:16
LH:14
BRDA:45,0,0,0
BRDA:45,0,1,0
BRF:2
BRH:0
end_of_record
TN:
SF:src/entities/Chargeback.ts
FN:4,(anonymous_2)
FNF:1
FNH:1
FNDA:1,(anonymous_2)
DA:1,1
DA:4,1
DA:6,1
DA:10,1
DA:13,1
DA:14,1
LF:6
LH:6
BRF:0
BRH:0
end_of_record
TN:
SF:src/entities/Transaction.ts
FN:4,(anonymous_2)
FNF:1
FNH:1
FNDA:1,(anonymous_2)
DA:1,1
DA:4,1
DA:6,1
DA:9,1
DA:12,1
DA:16,1
DA:20,1
DA:23,1
DA:24,1
LF:9
LH:9
BRF:0
BRH:0
end_of_record
TN:
SF:src/services/accountService.ts
FN:15,(anonymous_14)
FN:16,(anonymous_15)
FN:28,(anonymous_17)
FN:36,(anonymous_20)
FN:36,(anonymous_21)
FN:43,(anonymous_23)
FN:43,(anonymous_24)
FN:48,(anonymous_26)
FN:48,(anonymous_27)
FN:52,(anonymous_29)
FN:52,(anonymous_30)
FNF:11
FNH:0
FNDA:0,(anonymous_14)
FNDA:0,(anonymous_15)
FNDA:0,(anonymous_17)
FNDA:0,(anonymous_20)
FNDA:0,(anonymous_21)
FNDA:0,(anonymous_23)
FNDA:0,(anonymous_24)
FNDA:0,(anonymous_26)
FNDA:0,(anonymous_27)
FNDA:0,(anonymous_29)
FNDA:0,(anonymous_30)
DA:1,1
DA:2,1
DA:3,1
DA:4,1
DA:5,1
DA:7,1
DA:15,1
DA:16,0
DA:18,0
DA:22,0
DA:24,0
DA:25,0
DA:28,1
DA:29,0
DA:33,0
DA:36,1
DA:37,0
DA:38,0
DA:39,0
DA:40,0
DA:43,1
DA:44,0
DA:45,0
DA:48,1
DA:49,0
DA:52,1
DA:53,0
DA:55,0
DA:59,0
DA:63,0
LF:30
LH:12
BRDA:18,0,0,0
BRDA:33,1,0,0
BRDA:33,1,1,0
BRDA:37,2,0,0
BRDA:38,3,0,0
BRDA:38,3,1,0
BRDA:38,4,0,0
BRDA:38,4,1,0
BRDA:39,5,0,0
BRDA:39,5,1,0
BRDA:39,6,0,0
BRDA:39,6,1,0
BRDA:44,7,0,0
BRDA:49,8,0,0
BRDA:49,8,1,0
BRF:15
BRH:0
end_of_record
TN:
SF:src/tests/mock/user.ts
FNF:0
FNH:0
DA:1,1
DA:11,1
LF:2
LH:2
BRF:0
BRH:0
end_of_record
TN:
SF:src/utils/jwt.ts
FN:2,(anonymous_3)
FN:14,(anonymous_4)
FNF:2
FNH:0
FNDA:0,(anonymous_3)
FNDA:0,(anonymous_4)
DA:1,1
DA:2,1
DA:7,0
DA:8,0
DA:14,1
DA:15,0
DA:16,0
DA:17,0
DA:18,0
DA:20,0
LF:10
LH:3
BRDA:9,0,0,0
BRDA:9,0,1,0
BRF:2
BRH:0
end_of_record
TN:
SF:src/utils/money.ts
FNF:0
FNH:0
DA:1,1
LF:1
LH:1
BRF:0
BRH:0
end_of_record
